<?xml version="1.0" encoding="UTF-8"?>
<!-- Generated by org.testng.reporters.JUnitReportReporter -->
<testsuite skipped="0" hostname="DESKTOP-H6B6O4U" name="com.addchart.demo.AmazonAppTestAll" tests="4" failures="0" timestamp="2020-04-29T18:21:50 IST" time="178.983" errors="0">
  <testcase name="doLogin" time="38.223" classname="com.addchart.demo.AmazonAppTestAll"/>
  <system-out/>
  <testcase name="changeCountrySetting" time="32.565" classname="com.addchart.demo.AmazonAppTestAll"/>
  <system-out/>
  <testcase name="addToCart" time="69.514" classname="com.addchart.demo.AmazonAppTestAll"/>
  <system-out/>
  <testcase name="screenRotationCheck" time="38.681" classname="com.addchart.demo.AmazonAppTestAll"/>
  <system-out/>
</testsuite> <!-- com.addchart.demo.AmazonAppTestAll -->
